{
  "stats": {
    "suites": 1,
    "tests": 4,
    "passes": 3,
    "pending": 2,
    "failures": -1,
    "start": "2022-08-02T19:55:58.547Z",
    "end": "2022-08-02T19:56:03.110Z",
    "duration": 4563,
    "testsRegistered": 5,
    "passPercent": 100,
    "pendingPercent": 40,
    "other": 1,
    "hasOther": true,
    "skipped": 0,
    "hasSkipped": false
  },
  "results": [
    {
      "uuid": "fa8bab62-9592-4815-ab80-0e7ddfe2d903",
      "title": "",
      "fullFile": "cypress/e2e/JustCypress.cy.js",
      "file": "cypress/e2e/JustCypress.cy.js",
      "beforeHooks": [],
      "afterHooks": [],
      "tests": [],
      "suites": [
        {
          "uuid": "43fda883-457a-49d4-b3c9-3a30053671ed",
          "title": "Just using Cypress",
          "fullFile": "",
          "file": "",
          "beforeHooks": [],
          "afterHooks": [],
          "tests": [
            {
              "title": "Get elements using id",
              "fullTitle": "Just using Cypress Get elements using id",
              "timedOut": null,
              "duration": 2557,
              "state": "passed",
              "speed": "fast",
              "pass": true,
              "fail": false,
              "pending": false,
              "context": null,
              "code": "cy.get('#input-city').clear().type('Guiratinga');\ncy.get('#search-time').click();\ncy.get('#best-time').should('be.visible');\ncy.get('#best-hour').should('be.visible').and('contain.text', 'horas');\ncy.get('#best-temperature').should('be.visible').and('contain.text', 'temperatura');",
              "err": {},
              "uuid": "9ee24ae7-f746-46a7-9108-bea1f1917877",
              "parentUUID": "43fda883-457a-49d4-b3c9-3a30053671ed",
              "isHook": false,
              "skipped": false
            },
            {
              "title": "Get elements using data-testid attribute",
              "fullTitle": "Just using Cypress Get elements using data-testid attribute",
              "timedOut": null,
              "duration": 1014,
              "state": "passed",
              "speed": "fast",
              "pass": true,
              "fail": false,
              "pending": false,
              "context": null,
              "code": "cy.getByDataTestId('input-city').clear().type('Guiratinga');\ncy.getByDataTestId('search-time').click();\ncy.getByDataTestId('best-time').should('be.visible');\ncy.getByDataTestId('best-hour').should('be.visible').and('contain.text', 'horas');\ncy.getByDataTestId('best-temperature').should('be.visible').and('contain.text', 'temperatura');",
              "err": {},
              "uuid": "674ec9ef-7399-4035-a18e-21fa659d81db",
              "parentUUID": "43fda883-457a-49d4-b3c9-3a30053671ed",
              "isHook": false,
              "skipped": false
            },
            {
              "title": "Get elements using text",
              "fullTitle": "Just using Cypress Get elements using text",
              "timedOut": null,
              "duration": 959,
              "state": "passed",
              "speed": "fast",
              "pass": true,
              "fail": false,
              "pending": false,
              "context": null,
              "code": "cy.contains('Qual cidade você está?').parent().find('input').clear().type('Guiratinga');\ncy.contains('Buscar melhor horário').click();\ncy.contains('O melhor horário para você tomar seu banho hoje é:').should('be.visible');\ncy.contains('horas').should('be.visible');\ncy.contains('temperatura').should('be.visible');",
              "err": {},
              "uuid": "95b4729d-c8e5-4d04-b494-313caa32e4f2",
              "parentUUID": "43fda883-457a-49d4-b3c9-3a30053671ed",
              "isHook": false,
              "skipped": false
            },
            {
              "title": "Get hidden button by data test id and try click",
              "fullTitle": "Just using Cypress Get hidden button by data test id and try click",
              "timedOut": null,
              "duration": 0,
              "state": "pending",
              "speed": null,
              "pass": false,
              "fail": false,
              "pending": true,
              "context": null,
              "code": "",
              "err": {},
              "uuid": "bbf93dac-c12a-492f-b9d0-5d77e15501b3",
              "parentUUID": "43fda883-457a-49d4-b3c9-3a30053671ed",
              "isHook": false,
              "skipped": false
            },
            {
              "title": "Get hidden button by text id and try click",
              "fullTitle": "Just using Cypress Get hidden button by text id and try click",
              "timedOut": null,
              "duration": 0,
              "state": "pending",
              "speed": null,
              "pass": false,
              "fail": false,
              "pending": true,
              "context": null,
              "code": "",
              "err": {},
              "uuid": "08960c11-a9e9-4054-a98e-de04597488e2",
              "parentUUID": "43fda883-457a-49d4-b3c9-3a30053671ed",
              "isHook": false,
              "skipped": false
            }
          ],
          "suites": [],
          "passes": [
            "9ee24ae7-f746-46a7-9108-bea1f1917877",
            "674ec9ef-7399-4035-a18e-21fa659d81db",
            "95b4729d-c8e5-4d04-b494-313caa32e4f2"
          ],
          "failures": [],
          "pending": [
            "bbf93dac-c12a-492f-b9d0-5d77e15501b3",
            "08960c11-a9e9-4054-a98e-de04597488e2"
          ],
          "skipped": [],
          "duration": 4530,
          "root": false,
          "rootEmpty": false,
          "_timeout": 2000
        }
      ],
      "passes": [],
      "failures": [],
      "pending": [],
      "skipped": [],
      "duration": 0,
      "root": true,
      "rootEmpty": true,
      "_timeout": 2000
    }
  ],
  "meta": {
    "mocha": {
      "version": "7.0.1"
    },
    "mochawesome": {
      "options": {
        "quiet": false,
        "reportFilename": "mochawesome",
        "saveHtml": false,
        "saveJson": true,
        "consoleReporter": "spec",
        "useInlineDiffs": false,
        "code": true
      },
      "version": "6.3.1"
    },
    "marge": {
      "options": {
        "overwrite": false,
        "html": false,
        "json": true,
        "charts": true,
        "reportPageTitle": "My Test Suite",
        "embeddedScreenshots": true,
        "inlineAssets": true
      },
      "version": "5.2.0"
    }
  }
}