{
  "stats": {
    "suites": 1,
    "tests": 4,
    "passes": 3,
    "pending": 2,
    "failures": -1,
    "start": "2022-08-02T19:55:21.465Z",
    "end": "2022-08-02T19:55:26.417Z",
    "duration": 4952,
    "testsRegistered": 5,
    "passPercent": 100,
    "pendingPercent": 40,
    "other": 1,
    "hasOther": true,
    "skipped": 0,
    "hasSkipped": false
  },
  "results": [
    {
      "uuid": "c9095cf6-1f45-4310-8507-397d77baa77f",
      "title": "",
      "fullFile": "cypress/e2e/JustCypress.cy.js",
      "file": "cypress/e2e/JustCypress.cy.js",
      "beforeHooks": [],
      "afterHooks": [],
      "tests": [],
      "suites": [
        {
          "uuid": "f49cd3a0-5b00-4dc0-9998-1e49ca3eb9e1",
          "title": "Just using Cypress",
          "fullFile": "",
          "file": "",
          "beforeHooks": [],
          "afterHooks": [],
          "tests": [
            {
              "title": "Get elements using id",
              "fullTitle": "Just using Cypress Get elements using id",
              "timedOut": null,
              "duration": 3171,
              "state": "passed",
              "speed": "fast",
              "pass": true,
              "fail": false,
              "pending": false,
              "context": null,
              "code": "cy.get('#input-city').clear().type('Guiratinga');\ncy.get('#search-time').click();\ncy.get('#best-time').should('be.visible');\ncy.get('#best-hour').should('be.visible').and('contain.text', 'horas');\ncy.get('#best-temperature').should('be.visible').and('contain.text', 'temperatura');",
              "err": {},
              "uuid": "2fb265cb-cf37-46d0-aaef-1dd37bf9713c",
              "parentUUID": "f49cd3a0-5b00-4dc0-9998-1e49ca3eb9e1",
              "isHook": false,
              "skipped": false
            },
            {
              "title": "Get elements using data-testid attribute",
              "fullTitle": "Just using Cypress Get elements using data-testid attribute",
              "timedOut": null,
              "duration": 878,
              "state": "passed",
              "speed": "fast",
              "pass": true,
              "fail": false,
              "pending": false,
              "context": null,
              "code": "cy.getByDataTestId('input-city').clear().type('Guiratinga');\ncy.getByDataTestId('search-time').click();\ncy.getByDataTestId('best-time').should('be.visible');\ncy.getByDataTestId('best-hour').should('be.visible').and('contain.text', 'horas');\ncy.getByDataTestId('best-temperature').should('be.visible').and('contain.text', 'temperatura');",
              "err": {},
              "uuid": "4dedb521-12dc-4ace-befe-f87bf992c649",
              "parentUUID": "f49cd3a0-5b00-4dc0-9998-1e49ca3eb9e1",
              "isHook": false,
              "skipped": false
            },
            {
              "title": "Get elements using text",
              "fullTitle": "Just using Cypress Get elements using text",
              "timedOut": null,
              "duration": 866,
              "state": "passed",
              "speed": "fast",
              "pass": true,
              "fail": false,
              "pending": false,
              "context": null,
              "code": "cy.contains('Qual cidade você está?').parent().find('input').clear().type('Guiratinga');\ncy.contains('Buscar melhor horário').click();\ncy.contains('O melhor horário para você tomar seu banho hoje é:').should('be.visible');\ncy.contains('horas').should('be.visible');\ncy.contains('temperatura').should('be.visible');",
              "err": {},
              "uuid": "e0711e69-4bb6-4671-82af-38e837997210",
              "parentUUID": "f49cd3a0-5b00-4dc0-9998-1e49ca3eb9e1",
              "isHook": false,
              "skipped": false
            },
            {
              "title": "Get hidden button by data test id and try click",
              "fullTitle": "Just using Cypress Get hidden button by data test id and try click",
              "timedOut": null,
              "duration": 0,
              "state": "pending",
              "speed": null,
              "pass": false,
              "fail": false,
              "pending": true,
              "context": null,
              "code": "",
              "err": {},
              "uuid": "5c54cab9-e312-4f3f-ad4d-6d20a1bd6e40",
              "parentUUID": "f49cd3a0-5b00-4dc0-9998-1e49ca3eb9e1",
              "isHook": false,
              "skipped": false
            },
            {
              "title": "Get hidden button by text id and try click",
              "fullTitle": "Just using Cypress Get hidden button by text id and try click",
              "timedOut": null,
              "duration": 0,
              "state": "pending",
              "speed": null,
              "pass": false,
              "fail": false,
              "pending": true,
              "context": null,
              "code": "",
              "err": {},
              "uuid": "676d2690-c1a7-4114-8aa0-4ee9f757af54",
              "parentUUID": "f49cd3a0-5b00-4dc0-9998-1e49ca3eb9e1",
              "isHook": false,
              "skipped": false
            }
          ],
          "suites": [],
          "passes": [
            "2fb265cb-cf37-46d0-aaef-1dd37bf9713c",
            "4dedb521-12dc-4ace-befe-f87bf992c649",
            "e0711e69-4bb6-4671-82af-38e837997210"
          ],
          "failures": [],
          "pending": [
            "5c54cab9-e312-4f3f-ad4d-6d20a1bd6e40",
            "676d2690-c1a7-4114-8aa0-4ee9f757af54"
          ],
          "skipped": [],
          "duration": 4915,
          "root": false,
          "rootEmpty": false,
          "_timeout": 2000
        }
      ],
      "passes": [],
      "failures": [],
      "pending": [],
      "skipped": [],
      "duration": 0,
      "root": true,
      "rootEmpty": true,
      "_timeout": 2000
    }
  ],
  "meta": {
    "mocha": {
      "version": "7.0.1"
    },
    "mochawesome": {
      "options": {
        "quiet": false,
        "reportFilename": "mochawesome",
        "saveHtml": false,
        "saveJson": true,
        "consoleReporter": "spec",
        "useInlineDiffs": false,
        "code": true
      },
      "version": "6.3.1"
    },
    "marge": {
      "options": {
        "overwrite": false,
        "html": false,
        "json": true,
        "charts": true,
        "reportPageTitle": "My Test Suite",
        "embeddedScreenshots": true,
        "inlineAssets": true
      },
      "version": "5.2.0"
    }
  }
}