{
  "stats": {
    "suites": 1,
    "tests": 4,
    "passes": 3,
    "pending": 2,
    "failures": -1,
    "start": "2022-08-02T19:58:55.977Z",
    "end": "2022-08-02T19:58:59.507Z",
    "duration": 3530,
    "testsRegistered": 5,
    "passPercent": 100,
    "pendingPercent": 40,
    "other": 1,
    "hasOther": true,
    "skipped": 0,
    "hasSkipped": false
  },
  "results": [
    {
      "uuid": "ad0fd1f7-b307-47b3-bcf0-1f7c2d2ad2f0",
      "title": "",
      "fullFile": "cypress/e2e/UsingCypresTestingLibrary.cy.js",
      "file": "cypress/e2e/UsingCypresTestingLibrary.cy.js",
      "beforeHooks": [],
      "afterHooks": [],
      "tests": [],
      "suites": [
        {
          "uuid": "2a9d518c-a9c0-4682-9fc7-5f0b0a7ceb56",
          "title": "Using Cypress Testing Library",
          "fullFile": "",
          "file": "",
          "beforeHooks": [],
          "afterHooks": [],
          "tests": [
            {
              "title": "Get elements using role",
              "fullTitle": "Using Cypress Testing Library Get elements using role",
              "timedOut": null,
              "duration": 1583,
              "state": "passed",
              "speed": "fast",
              "pass": true,
              "fail": false,
              "pending": false,
              "context": null,
              "code": "cy.findByRole('textbox').clear().type('Guiratinga');\ncy.findByRole('button').click();\ncy.findByRole('layout', {\n  id: \"best-time\"\n}).should('be.visible');\ncy.findByRole('text', {\n  id: \"best-hour\"\n}).should('be.visible').and('contain.text', 'horas');\ncy.findByRole('paragraph', {\n  id: \"best-temperature\"\n}).should('be.visible').and('contain.text', 'temperatura');",
              "err": {},
              "uuid": "074c65a0-e755-4ec0-8a1c-236fe6bfa61a",
              "parentUUID": "2a9d518c-a9c0-4682-9fc7-5f0b0a7ceb56",
              "isHook": false,
              "skipped": false
            },
            {
              "title": "Get elements using data-testid attribute",
              "fullTitle": "Using Cypress Testing Library Get elements using data-testid attribute",
              "timedOut": null,
              "duration": 1009,
              "state": "passed",
              "speed": "fast",
              "pass": true,
              "fail": false,
              "pending": false,
              "context": null,
              "code": "cy.findByTestId('input-city').clear().type('Guiratinga');\ncy.findByTestId('search-time').click();\ncy.findByTestId('best-time').should('be.visible');\ncy.findByTestId('best-hour').should('be.visible').and('contain.text', 'horas');\ncy.findByTestId('best-temperature').should('be.visible').and('contain.text', 'temperatura');",
              "err": {},
              "uuid": "d2c79775-e59a-4c3d-a3e6-cfa36a1f94f3",
              "parentUUID": "2a9d518c-a9c0-4682-9fc7-5f0b0a7ceb56",
              "isHook": false,
              "skipped": false
            },
            {
              "title": "Get elements using text",
              "fullTitle": "Using Cypress Testing Library Get elements using text",
              "timedOut": null,
              "duration": 893,
              "state": "passed",
              "speed": "fast",
              "pass": true,
              "fail": false,
              "pending": false,
              "context": null,
              "code": "cy.findByDisplayValue('São Paulo').clear().type('Guiratinga');\ncy.findByText('Buscar melhor horário').click();\ncy.findByText('O melhor horário para você tomar seu banho hoje é:').should('be.visible');\ncy.findByText(/horas/i).should('be.visible');\ncy.findByText(/temperatura/i).should('be.visible');",
              "err": {},
              "uuid": "308eca4e-370e-47de-a76d-4d014ea7ecbc",
              "parentUUID": "2a9d518c-a9c0-4682-9fc7-5f0b0a7ceb56",
              "isHook": false,
              "skipped": false
            },
            {
              "title": "Get hidden button by data test id and try click",
              "fullTitle": "Using Cypress Testing Library Get hidden button by data test id and try click",
              "timedOut": null,
              "duration": 0,
              "state": "pending",
              "speed": null,
              "pass": false,
              "fail": false,
              "pending": true,
              "context": null,
              "code": "",
              "err": {},
              "uuid": "f7c1a7fa-eefb-4bc9-81e1-24b3d26248ca",
              "parentUUID": "2a9d518c-a9c0-4682-9fc7-5f0b0a7ceb56",
              "isHook": false,
              "skipped": false
            },
            {
              "title": "Get hidden button by text id and try click",
              "fullTitle": "Using Cypress Testing Library Get hidden button by text id and try click",
              "timedOut": null,
              "duration": 0,
              "state": "pending",
              "speed": null,
              "pass": false,
              "fail": false,
              "pending": true,
              "context": null,
              "code": "",
              "err": {},
              "uuid": "e210fbec-99a4-4186-ac3e-f61e5ebb6086",
              "parentUUID": "2a9d518c-a9c0-4682-9fc7-5f0b0a7ceb56",
              "isHook": false,
              "skipped": false
            }
          ],
          "suites": [],
          "passes": [
            "074c65a0-e755-4ec0-8a1c-236fe6bfa61a",
            "d2c79775-e59a-4c3d-a3e6-cfa36a1f94f3",
            "308eca4e-370e-47de-a76d-4d014ea7ecbc"
          ],
          "failures": [],
          "pending": [
            "f7c1a7fa-eefb-4bc9-81e1-24b3d26248ca",
            "e210fbec-99a4-4186-ac3e-f61e5ebb6086"
          ],
          "skipped": [],
          "duration": 3485,
          "root": false,
          "rootEmpty": false,
          "_timeout": 2000
        }
      ],
      "passes": [],
      "failures": [],
      "pending": [],
      "skipped": [],
      "duration": 0,
      "root": true,
      "rootEmpty": true,
      "_timeout": 2000
    }
  ],
  "meta": {
    "mocha": {
      "version": "7.0.1"
    },
    "mochawesome": {
      "options": {
        "quiet": false,
        "reportFilename": "mochawesome",
        "saveHtml": false,
        "saveJson": true,
        "consoleReporter": "spec",
        "useInlineDiffs": false,
        "code": true
      },
      "version": "6.3.1"
    },
    "marge": {
      "options": {
        "overwrite": false,
        "html": false,
        "json": true,
        "charts": true,
        "reportPageTitle": "My Test Suite",
        "embeddedScreenshots": true,
        "inlineAssets": true
      },
      "version": "5.2.0"
    }
  }
}