{
  "stats": {
    "suites": 1,
    "tests": 4,
    "passes": 3,
    "pending": 2,
    "failures": -1,
    "start": "2022-08-02T19:57:01.523Z",
    "end": "2022-08-02T19:57:05.483Z",
    "duration": 3960,
    "testsRegistered": 5,
    "passPercent": 100,
    "pendingPercent": 40,
    "other": 1,
    "hasOther": true,
    "skipped": 0,
    "hasSkipped": false
  },
  "results": [
    {
      "uuid": "9398c7ec-3d13-456e-99d8-93e0dcfda570",
      "title": "",
      "fullFile": "cypress/e2e/UsingCypresTestingLibrary.cy.js",
      "file": "cypress/e2e/UsingCypresTestingLibrary.cy.js",
      "beforeHooks": [],
      "afterHooks": [],
      "tests": [],
      "suites": [
        {
          "uuid": "4c7cb81e-defa-41a9-b8c6-5ed953220cb6",
          "title": "Using Cypress Testing Library",
          "fullFile": "",
          "file": "",
          "beforeHooks": [],
          "afterHooks": [],
          "tests": [
            {
              "title": "Get elements using role",
              "fullTitle": "Using Cypress Testing Library Get elements using role",
              "timedOut": null,
              "duration": 1795,
              "state": "passed",
              "speed": "fast",
              "pass": true,
              "fail": false,
              "pending": false,
              "context": null,
              "code": "cy.findByRole('textbox').clear().type('Guiratinga');\ncy.findByRole('button').click();\ncy.findByRole('layout', {\n  id: \"best-time\"\n}).should('be.visible');\ncy.findByRole('text', {\n  id: \"best-hour\"\n}).should('be.visible').and('contain.text', 'horas');\ncy.findByRole('paragraph', {\n  id: \"best-temperature\"\n}).should('be.visible').and('contain.text', 'temperatura');",
              "err": {},
              "uuid": "f281dee5-43f9-4524-bc89-3fe33f931226",
              "parentUUID": "4c7cb81e-defa-41a9-b8c6-5ed953220cb6",
              "isHook": false,
              "skipped": false
            },
            {
              "title": "Get elements using data-testid attribute",
              "fullTitle": "Using Cypress Testing Library Get elements using data-testid attribute",
              "timedOut": null,
              "duration": 1062,
              "state": "passed",
              "speed": "fast",
              "pass": true,
              "fail": false,
              "pending": false,
              "context": null,
              "code": "cy.findByTestId('input-city').clear().type('Guiratinga');\ncy.findByTestId('search-time').click();\ncy.findByTestId('best-time').should('be.visible');\ncy.findByTestId('best-hour').should('be.visible').and('contain.text', 'horas');\ncy.findByTestId('best-temperature').should('be.visible').and('contain.text', 'temperatura');",
              "err": {},
              "uuid": "997d2b00-e53f-40b0-ae70-171bb8a9025c",
              "parentUUID": "4c7cb81e-defa-41a9-b8c6-5ed953220cb6",
              "isHook": false,
              "skipped": false
            },
            {
              "title": "Get elements using text",
              "fullTitle": "Using Cypress Testing Library Get elements using text",
              "timedOut": null,
              "duration": 1058,
              "state": "passed",
              "speed": "fast",
              "pass": true,
              "fail": false,
              "pending": false,
              "context": null,
              "code": "cy.findByDisplayValue('São Paulo').clear().type('Guiratinga');\ncy.findByText('Buscar melhor horário').click();\ncy.findByText('O melhor horário para você tomar seu banho hoje é:').should('be.visible');\ncy.findByText(/horas/i).should('be.visible');\ncy.findByText(/temperatura/i).should('be.visible');",
              "err": {},
              "uuid": "d7edb448-c310-478b-8f07-7e045e70d401",
              "parentUUID": "4c7cb81e-defa-41a9-b8c6-5ed953220cb6",
              "isHook": false,
              "skipped": false
            },
            {
              "title": "Get hidden button by data test id and try click",
              "fullTitle": "Using Cypress Testing Library Get hidden button by data test id and try click",
              "timedOut": null,
              "duration": 0,
              "state": "pending",
              "speed": null,
              "pass": false,
              "fail": false,
              "pending": true,
              "context": null,
              "code": "",
              "err": {},
              "uuid": "4ca18718-624f-4ec5-8e72-717cf47480db",
              "parentUUID": "4c7cb81e-defa-41a9-b8c6-5ed953220cb6",
              "isHook": false,
              "skipped": false
            },
            {
              "title": "Get hidden button by text id and try click",
              "fullTitle": "Using Cypress Testing Library Get hidden button by text id and try click",
              "timedOut": null,
              "duration": 0,
              "state": "pending",
              "speed": null,
              "pass": false,
              "fail": false,
              "pending": true,
              "context": null,
              "code": "",
              "err": {},
              "uuid": "36027559-000a-4b73-b82a-c9c77063c21a",
              "parentUUID": "4c7cb81e-defa-41a9-b8c6-5ed953220cb6",
              "isHook": false,
              "skipped": false
            }
          ],
          "suites": [],
          "passes": [
            "f281dee5-43f9-4524-bc89-3fe33f931226",
            "997d2b00-e53f-40b0-ae70-171bb8a9025c",
            "d7edb448-c310-478b-8f07-7e045e70d401"
          ],
          "failures": [],
          "pending": [
            "4ca18718-624f-4ec5-8e72-717cf47480db",
            "36027559-000a-4b73-b82a-c9c77063c21a"
          ],
          "skipped": [],
          "duration": 3915,
          "root": false,
          "rootEmpty": false,
          "_timeout": 2000
        }
      ],
      "passes": [],
      "failures": [],
      "pending": [],
      "skipped": [],
      "duration": 0,
      "root": true,
      "rootEmpty": true,
      "_timeout": 2000
    }
  ],
  "meta": {
    "mocha": {
      "version": "7.0.1"
    },
    "mochawesome": {
      "options": {
        "quiet": false,
        "reportFilename": "mochawesome",
        "saveHtml": false,
        "saveJson": true,
        "consoleReporter": "spec",
        "useInlineDiffs": false,
        "code": true
      },
      "version": "6.3.1"
    },
    "marge": {
      "options": {
        "overwrite": false,
        "html": false,
        "json": true,
        "charts": true,
        "reportPageTitle": "My Test Suite",
        "embeddedScreenshots": true,
        "inlineAssets": true
      },
      "version": "5.2.0"
    }
  }
}