{
  "stats": {
    "suites": 1,
    "tests": 4,
    "passes": 3,
    "pending": 2,
    "failures": -1,
    "start": "2022-08-02T20:01:44.605Z",
    "end": "2022-08-02T20:01:49.100Z",
    "duration": 4495,
    "testsRegistered": 5,
    "passPercent": 100,
    "pendingPercent": 40,
    "other": 1,
    "hasOther": true,
    "skipped": 0,
    "hasSkipped": false
  },
  "results": [
    {
      "uuid": "980e5526-1796-4e30-a801-0746d80c9ddb",
      "title": "",
      "fullFile": "cypress/e2e/JustCypress.cy.js",
      "file": "cypress/e2e/JustCypress.cy.js",
      "beforeHooks": [],
      "afterHooks": [],
      "tests": [],
      "suites": [
        {
          "uuid": "0f70c088-3cc3-43b1-8154-3c7748d04c73",
          "title": "Just using Cypress",
          "fullFile": "",
          "file": "",
          "beforeHooks": [],
          "afterHooks": [],
          "tests": [
            {
              "title": "Get elements using id",
              "fullTitle": "Just using Cypress Get elements using id",
              "timedOut": null,
              "duration": 2511,
              "state": "passed",
              "speed": "fast",
              "pass": true,
              "fail": false,
              "pending": false,
              "context": null,
              "code": "cy.get('#input-city').clear().type('Guiratinga');\ncy.get('#search-time').click();\ncy.get('#best-time').should('be.visible');\ncy.get('#best-hour').should('be.visible').and('contain.text', 'horas');\ncy.get('#best-temperature').should('be.visible').and('contain.text', 'temperatura');",
              "err": {},
              "uuid": "d3ef55f6-5f19-4371-9f74-2de6e20222d5",
              "parentUUID": "0f70c088-3cc3-43b1-8154-3c7748d04c73",
              "isHook": false,
              "skipped": false
            },
            {
              "title": "Get elements using data-testid attribute",
              "fullTitle": "Just using Cypress Get elements using data-testid attribute",
              "timedOut": null,
              "duration": 869,
              "state": "passed",
              "speed": "fast",
              "pass": true,
              "fail": false,
              "pending": false,
              "context": null,
              "code": "cy.getByDataTestId('input-city').clear().type('Guiratinga');\ncy.getByDataTestId('search-time').click();\ncy.getByDataTestId('best-time').should('be.visible');\ncy.getByDataTestId('best-hour').should('be.visible').and('contain.text', 'horas');\ncy.getByDataTestId('best-temperature').should('be.visible').and('contain.text', 'temperatura');",
              "err": {},
              "uuid": "738cf562-30ed-452b-a864-897ab8e22737",
              "parentUUID": "0f70c088-3cc3-43b1-8154-3c7748d04c73",
              "isHook": false,
              "skipped": false
            },
            {
              "title": "Get elements using text",
              "fullTitle": "Just using Cypress Get elements using text",
              "timedOut": null,
              "duration": 1076,
              "state": "passed",
              "speed": "fast",
              "pass": true,
              "fail": false,
              "pending": false,
              "context": null,
              "code": "cy.contains('Qual cidade você está?').parent().find('input').clear().type('Guiratinga');\ncy.contains('Buscar melhor horário').click();\ncy.contains('O melhor horário para você tomar seu banho hoje é:').should('be.visible');\ncy.contains('horas').should('be.visible');\ncy.contains('temperatura').should('be.visible');",
              "err": {},
              "uuid": "155543df-8a4f-45ca-a04d-24267a35e401",
              "parentUUID": "0f70c088-3cc3-43b1-8154-3c7748d04c73",
              "isHook": false,
              "skipped": false
            },
            {
              "title": "Get hidden button by data test id and try click",
              "fullTitle": "Just using Cypress Get hidden button by data test id and try click",
              "timedOut": null,
              "duration": 0,
              "state": "pending",
              "speed": null,
              "pass": false,
              "fail": false,
              "pending": true,
              "context": null,
              "code": "",
              "err": {},
              "uuid": "6ae9e466-d369-4b85-895a-32fcc207d07c",
              "parentUUID": "0f70c088-3cc3-43b1-8154-3c7748d04c73",
              "isHook": false,
              "skipped": false
            },
            {
              "title": "Get hidden button by text id and try click",
              "fullTitle": "Just using Cypress Get hidden button by text id and try click",
              "timedOut": null,
              "duration": 0,
              "state": "pending",
              "speed": null,
              "pass": false,
              "fail": false,
              "pending": true,
              "context": null,
              "code": "",
              "err": {},
              "uuid": "c0fa9c7b-03bd-4c3d-b424-7d68b7ea4e82",
              "parentUUID": "0f70c088-3cc3-43b1-8154-3c7748d04c73",
              "isHook": false,
              "skipped": false
            }
          ],
          "suites": [],
          "passes": [
            "d3ef55f6-5f19-4371-9f74-2de6e20222d5",
            "738cf562-30ed-452b-a864-897ab8e22737",
            "155543df-8a4f-45ca-a04d-24267a35e401"
          ],
          "failures": [],
          "pending": [
            "6ae9e466-d369-4b85-895a-32fcc207d07c",
            "c0fa9c7b-03bd-4c3d-b424-7d68b7ea4e82"
          ],
          "skipped": [],
          "duration": 4456,
          "root": false,
          "rootEmpty": false,
          "_timeout": 2000
        }
      ],
      "passes": [],
      "failures": [],
      "pending": [],
      "skipped": [],
      "duration": 0,
      "root": true,
      "rootEmpty": true,
      "_timeout": 2000
    }
  ],
  "meta": {
    "mocha": {
      "version": "7.0.1"
    },
    "mochawesome": {
      "options": {
        "quiet": false,
        "reportFilename": "mochawesome",
        "saveHtml": false,
        "saveJson": true,
        "consoleReporter": "spec",
        "useInlineDiffs": false,
        "code": true
      },
      "version": "6.3.1"
    },
    "marge": {
      "options": {
        "overwrite": false,
        "html": false,
        "json": true,
        "charts": true,
        "reportPageTitle": "My Test Suite",
        "embeddedScreenshots": true,
        "inlineAssets": true
      },
      "version": "5.2.0"
    }
  }
}