{
  "stats": {
    "suites": 1,
    "tests": 4,
    "passes": 3,
    "pending": 2,
    "failures": -1,
    "start": "2022-08-02T20:09:25.674Z",
    "end": "2022-08-02T20:09:29.449Z",
    "duration": 3775,
    "testsRegistered": 5,
    "passPercent": 100,
    "pendingPercent": 40,
    "other": 1,
    "hasOther": true,
    "skipped": 0,
    "hasSkipped": false
  },
  "results": [
    {
      "uuid": "d5639b74-52e3-47e4-ab29-3fa8cd87f3da",
      "title": "",
      "fullFile": "cypress/e2e/UsingCypressXpath.cy.js",
      "file": "cypress/e2e/UsingCypressXpath.cy.js",
      "beforeHooks": [],
      "afterHooks": [],
      "tests": [],
      "suites": [
        {
          "uuid": "adcce7be-ed90-4215-a9be-46dbf4d9639e",
          "title": "Using Cypress Xpath",
          "fullFile": "",
          "file": "",
          "beforeHooks": [],
          "afterHooks": [],
          "tests": [
            {
              "title": "Get elements using id",
              "fullTitle": "Using Cypress Xpath Get elements using id",
              "timedOut": null,
              "duration": 1623,
              "state": "passed",
              "speed": "fast",
              "pass": true,
              "fail": false,
              "pending": false,
              "context": null,
              "code": "cy.xpath('//*[@id=\"input-city\"]').clear().type('Guiratinga');\ncy.xpath('//*[@id=\"search-time\"]').click();\ncy.xpath('//*[@id=\"best-time\"]').should('be.visible');\ncy.xpath('//*[@id=\"best-hour\"]').should('be.visible').and('contain.text', 'horas');\ncy.xpath('//*[@id=\"best-temperature\"]').should('be.visible').and('contain.text', 'temperatura');",
              "err": {},
              "uuid": "64505e3f-22f3-4b06-acfd-838c8005a6c2",
              "parentUUID": "adcce7be-ed90-4215-a9be-46dbf4d9639e",
              "isHook": false,
              "skipped": false
            },
            {
              "title": "Get elements using data-testid attribute",
              "fullTitle": "Using Cypress Xpath Get elements using data-testid attribute",
              "timedOut": null,
              "duration": 1021,
              "state": "passed",
              "speed": "fast",
              "pass": true,
              "fail": false,
              "pending": false,
              "context": null,
              "code": "cy.xpath('//*[@data-testid=\"input-city\"]').clear().type('Guiratinga');\ncy.xpath('//*[@data-testid=\"search-time\"]').click();\ncy.xpath('//*[@data-testid=\"best-time\"]').should('be.visible');\ncy.xpath('//*[@data-testid=\"best-hour\"]').should('be.visible').and('contain.text', 'horas');\ncy.xpath('//*[@data-testid=\"best-temperature\"]').should('be.visible').and('contain.text', 'temperatura');",
              "err": {},
              "uuid": "93531768-1a56-479b-b55d-8a9f2cfa02e2",
              "parentUUID": "adcce7be-ed90-4215-a9be-46dbf4d9639e",
              "isHook": false,
              "skipped": false
            },
            {
              "title": "Get elements using text",
              "fullTitle": "Using Cypress Xpath Get elements using text",
              "timedOut": null,
              "duration": 1038,
              "state": "passed",
              "speed": "fast",
              "pass": true,
              "fail": false,
              "pending": false,
              "context": null,
              "code": "cy.xpath('//input[@value=\"São Paulo\"]').clear().type('Guiratinga');\ncy.xpath('//*[text()[contains(.,\"Buscar melhor horário\")]]').click();\ncy.xpath('//*[text()[contains(.,\"O melhor horário para você tomar seu banho hoje é\")]]').should('be.visible');\ncy.xpath('//*[text()[contains(.,\"horas\")]]').should('be.visible');\ncy.xpath('//*[text()[contains(.,\"temperatura\")]]').should('be.visible');",
              "err": {},
              "uuid": "f33beb6f-fda2-45af-8a24-b46194c5825f",
              "parentUUID": "adcce7be-ed90-4215-a9be-46dbf4d9639e",
              "isHook": false,
              "skipped": false
            },
            {
              "title": "Get hidden button by data test id and try click",
              "fullTitle": "Using Cypress Xpath Get hidden button by data test id and try click",
              "timedOut": null,
              "duration": 0,
              "state": "pending",
              "speed": null,
              "pass": false,
              "fail": false,
              "pending": true,
              "context": null,
              "code": "",
              "err": {},
              "uuid": "9d466e66-c052-4a83-bfa0-5d58f028c28d",
              "parentUUID": "adcce7be-ed90-4215-a9be-46dbf4d9639e",
              "isHook": false,
              "skipped": false
            },
            {
              "title": "Get hidden button by text id and try click",
              "fullTitle": "Using Cypress Xpath Get hidden button by text id and try click",
              "timedOut": null,
              "duration": 0,
              "state": "pending",
              "speed": null,
              "pass": false,
              "fail": false,
              "pending": true,
              "context": null,
              "code": "",
              "err": {},
              "uuid": "7176e564-3383-4420-88a8-fae74c137400",
              "parentUUID": "adcce7be-ed90-4215-a9be-46dbf4d9639e",
              "isHook": false,
              "skipped": false
            }
          ],
          "suites": [],
          "passes": [
            "64505e3f-22f3-4b06-acfd-838c8005a6c2",
            "93531768-1a56-479b-b55d-8a9f2cfa02e2",
            "f33beb6f-fda2-45af-8a24-b46194c5825f"
          ],
          "failures": [],
          "pending": [
            "9d466e66-c052-4a83-bfa0-5d58f028c28d",
            "7176e564-3383-4420-88a8-fae74c137400"
          ],
          "skipped": [],
          "duration": 3682,
          "root": false,
          "rootEmpty": false,
          "_timeout": 2000
        }
      ],
      "passes": [],
      "failures": [],
      "pending": [],
      "skipped": [],
      "duration": 0,
      "root": true,
      "rootEmpty": true,
      "_timeout": 2000
    }
  ],
  "meta": {
    "mocha": {
      "version": "7.0.1"
    },
    "mochawesome": {
      "options": {
        "quiet": false,
        "reportFilename": "mochawesome",
        "saveHtml": false,
        "saveJson": true,
        "consoleReporter": "spec",
        "useInlineDiffs": false,
        "code": true
      },
      "version": "6.3.1"
    },
    "marge": {
      "options": {
        "overwrite": false,
        "html": false,
        "json": true,
        "charts": true,
        "reportPageTitle": "My Test Suite",
        "embeddedScreenshots": true,
        "inlineAssets": true
      },
      "version": "5.2.0"
    }
  }
}