{
  "stats": {
    "suites": 1,
    "tests": 4,
    "passes": 3,
    "pending": 2,
    "failures": -1,
    "start": "2022-08-02T19:56:08.797Z",
    "end": "2022-08-02T19:56:12.249Z",
    "duration": 3452,
    "testsRegistered": 5,
    "passPercent": 100,
    "pendingPercent": 40,
    "other": 1,
    "hasOther": true,
    "skipped": 0,
    "hasSkipped": false
  },
  "results": [
    {
      "uuid": "dd36dd86-a546-453d-8fe3-b5295a50e5a9",
      "title": "",
      "fullFile": "cypress/e2e/UsingCypressXpath.cy.js",
      "file": "cypress/e2e/UsingCypressXpath.cy.js",
      "beforeHooks": [],
      "afterHooks": [],
      "tests": [],
      "suites": [
        {
          "uuid": "b46c2ae7-dcc2-443a-b760-16f8e329465f",
          "title": "Using Cypress Xpath",
          "fullFile": "",
          "file": "",
          "beforeHooks": [],
          "afterHooks": [],
          "tests": [
            {
              "title": "Get elements using id",
              "fullTitle": "Using Cypress Xpath Get elements using id",
              "timedOut": null,
              "duration": 1501,
              "state": "passed",
              "speed": "fast",
              "pass": true,
              "fail": false,
              "pending": false,
              "context": null,
              "code": "cy.xpath('//*[@id=\"input-city\"]').clear().type('Guiratinga');\ncy.xpath('//*[@id=\"search-time\"]').click();\ncy.xpath('//*[@id=\"best-time\"]').should('be.visible');\ncy.xpath('//*[@id=\"best-hour\"]').should('be.visible').and('contain.text', 'horas');\ncy.xpath('//*[@id=\"best-temperature\"]').should('be.visible').and('contain.text', 'temperatura');",
              "err": {},
              "uuid": "3f0c24d0-e3dc-4e79-a6d7-ab60cf5d64dc",
              "parentUUID": "b46c2ae7-dcc2-443a-b760-16f8e329465f",
              "isHook": false,
              "skipped": false
            },
            {
              "title": "Get elements using data-testid attribute",
              "fullTitle": "Using Cypress Xpath Get elements using data-testid attribute",
              "timedOut": null,
              "duration": 968,
              "state": "passed",
              "speed": "fast",
              "pass": true,
              "fail": false,
              "pending": false,
              "context": null,
              "code": "cy.xpath('//*[@data-testid=\"input-city\"]').clear().type('Guiratinga');\ncy.xpath('//*[@data-testid=\"search-time\"]').click();\ncy.xpath('//*[@data-testid=\"best-time\"]').should('be.visible');\ncy.xpath('//*[@data-testid=\"best-hour\"]').should('be.visible').and('contain.text', 'horas');\ncy.xpath('//*[@data-testid=\"best-temperature\"]').should('be.visible').and('contain.text', 'temperatura');",
              "err": {},
              "uuid": "eed43fb8-209b-4d4c-8b46-5f39e80b719c",
              "parentUUID": "b46c2ae7-dcc2-443a-b760-16f8e329465f",
              "isHook": false,
              "skipped": false
            },
            {
              "title": "Get elements using text",
              "fullTitle": "Using Cypress Xpath Get elements using text",
              "timedOut": null,
              "duration": 955,
              "state": "passed",
              "speed": "fast",
              "pass": true,
              "fail": false,
              "pending": false,
              "context": null,
              "code": "cy.xpath('//input[@value=\"São Paulo\"]').clear().type('Guiratinga');\ncy.xpath('//*[text()[contains(.,\"Buscar melhor horário\")]]').click();\ncy.xpath('//*[text()[contains(.,\"O melhor horário para você tomar seu banho hoje é\")]]').should('be.visible');\ncy.xpath('//*[text()[contains(.,\"horas\")]]').should('be.visible');\ncy.xpath('//*[text()[contains(.,\"temperatura\")]]').should('be.visible');",
              "err": {},
              "uuid": "1655efd9-50b5-453e-bc4d-9582aa0c1bc2",
              "parentUUID": "b46c2ae7-dcc2-443a-b760-16f8e329465f",
              "isHook": false,
              "skipped": false
            },
            {
              "title": "Get hidden button by data test id and try click",
              "fullTitle": "Using Cypress Xpath Get hidden button by data test id and try click",
              "timedOut": null,
              "duration": 0,
              "state": "pending",
              "speed": null,
              "pass": false,
              "fail": false,
              "pending": true,
              "context": null,
              "code": "",
              "err": {},
              "uuid": "f04c02d1-3d29-41d4-b6c3-280c457afaab",
              "parentUUID": "b46c2ae7-dcc2-443a-b760-16f8e329465f",
              "isHook": false,
              "skipped": false
            },
            {
              "title": "Get hidden button by text id and try click",
              "fullTitle": "Using Cypress Xpath Get hidden button by text id and try click",
              "timedOut": null,
              "duration": 0,
              "state": "pending",
              "speed": null,
              "pass": false,
              "fail": false,
              "pending": true,
              "context": null,
              "code": "",
              "err": {},
              "uuid": "1d9dab3e-ccbf-4ceb-8f31-eb26edfd595c",
              "parentUUID": "b46c2ae7-dcc2-443a-b760-16f8e329465f",
              "isHook": false,
              "skipped": false
            }
          ],
          "suites": [],
          "passes": [
            "3f0c24d0-e3dc-4e79-a6d7-ab60cf5d64dc",
            "eed43fb8-209b-4d4c-8b46-5f39e80b719c",
            "1655efd9-50b5-453e-bc4d-9582aa0c1bc2"
          ],
          "failures": [],
          "pending": [
            "f04c02d1-3d29-41d4-b6c3-280c457afaab",
            "1d9dab3e-ccbf-4ceb-8f31-eb26edfd595c"
          ],
          "skipped": [],
          "duration": 3424,
          "root": false,
          "rootEmpty": false,
          "_timeout": 2000
        }
      ],
      "passes": [],
      "failures": [],
      "pending": [],
      "skipped": [],
      "duration": 0,
      "root": true,
      "rootEmpty": true,
      "_timeout": 2000
    }
  ],
  "meta": {
    "mocha": {
      "version": "7.0.1"
    },
    "mochawesome": {
      "options": {
        "quiet": false,
        "reportFilename": "mochawesome",
        "saveHtml": false,
        "saveJson": true,
        "consoleReporter": "spec",
        "useInlineDiffs": false,
        "code": true
      },
      "version": "6.3.1"
    },
    "marge": {
      "options": {
        "overwrite": false,
        "html": false,
        "json": true,
        "charts": true,
        "reportPageTitle": "My Test Suite",
        "embeddedScreenshots": true,
        "inlineAssets": true
      },
      "version": "5.2.0"
    }
  }
}