{
  "stats": {
    "suites": 1,
    "tests": 4,
    "passes": 3,
    "pending": 2,
    "failures": -1,
    "start": "2022-08-02T20:01:31.065Z",
    "end": "2022-08-02T20:01:35.315Z",
    "duration": 4250,
    "testsRegistered": 5,
    "passPercent": 100,
    "pendingPercent": 40,
    "other": 1,
    "hasOther": true,
    "skipped": 0,
    "hasSkipped": false
  },
  "results": [
    {
      "uuid": "f310ee6e-b63f-4401-ae28-a3a1495fb634",
      "title": "",
      "fullFile": "cypress/e2e/UsingCypresTestingLibrary.cy.js",
      "file": "cypress/e2e/UsingCypresTestingLibrary.cy.js",
      "beforeHooks": [],
      "afterHooks": [],
      "tests": [],
      "suites": [
        {
          "uuid": "976185ce-2db4-412d-b386-813b25e36420",
          "title": "Using Cypress Testing Library",
          "fullFile": "",
          "file": "",
          "beforeHooks": [],
          "afterHooks": [],
          "tests": [
            {
              "title": "Get elements using role",
              "fullTitle": "Using Cypress Testing Library Get elements using role",
              "timedOut": null,
              "duration": 1616,
              "state": "passed",
              "speed": "fast",
              "pass": true,
              "fail": false,
              "pending": false,
              "context": null,
              "code": "cy.findByRole('textbox').clear().type('Guiratinga');\ncy.findByRole('button').click();\ncy.findByRole('layout', {\n  id: \"best-time\"\n}).should('be.visible');\ncy.findByRole('text', {\n  id: \"best-hour\"\n}).should('be.visible').and('contain.text', 'horas');\ncy.findByRole('paragraph', {\n  id: \"best-temperature\"\n}).should('be.visible').and('contain.text', 'temperatura');",
              "err": {},
              "uuid": "ffa9eca3-4361-4015-9e1e-67fd0049840b",
              "parentUUID": "976185ce-2db4-412d-b386-813b25e36420",
              "isHook": false,
              "skipped": false
            },
            {
              "title": "Get elements using data-testid attribute",
              "fullTitle": "Using Cypress Testing Library Get elements using data-testid attribute",
              "timedOut": null,
              "duration": 1047,
              "state": "passed",
              "speed": "fast",
              "pass": true,
              "fail": false,
              "pending": false,
              "context": null,
              "code": "cy.findByTestId('input-city').clear().type('Guiratinga');\ncy.findByTestId('search-time').click();\ncy.findByTestId('best-time').should('be.visible');\ncy.findByTestId('best-hour').should('be.visible').and('contain.text', 'horas');\ncy.findByTestId('best-temperature').should('be.visible').and('contain.text', 'temperatura');",
              "err": {},
              "uuid": "fd6b0a49-a9bb-4628-afcd-1ce459dfa3b0",
              "parentUUID": "976185ce-2db4-412d-b386-813b25e36420",
              "isHook": false,
              "skipped": false
            },
            {
              "title": "Get elements using text",
              "fullTitle": "Using Cypress Testing Library Get elements using text",
              "timedOut": null,
              "duration": 1554,
              "state": "passed",
              "speed": "fast",
              "pass": true,
              "fail": false,
              "pending": false,
              "context": null,
              "code": "cy.findByDisplayValue('São Paulo').clear().type('Guiratinga');\ncy.findByText('Buscar melhor horário').click();\ncy.findByText('O melhor horário para você tomar seu banho hoje é:').should('be.visible');\ncy.findByText(/horas/i).should('be.visible');\ncy.findByText(/temperatura/i).should('be.visible');",
              "err": {},
              "uuid": "6bfc384c-c9f7-4e66-a564-c5a6ee073ce6",
              "parentUUID": "976185ce-2db4-412d-b386-813b25e36420",
              "isHook": false,
              "skipped": false
            },
            {
              "title": "Get hidden button by data test id and try click",
              "fullTitle": "Using Cypress Testing Library Get hidden button by data test id and try click",
              "timedOut": null,
              "duration": 0,
              "state": "pending",
              "speed": null,
              "pass": false,
              "fail": false,
              "pending": true,
              "context": null,
              "code": "",
              "err": {},
              "uuid": "467b4e65-9627-45c8-b947-45d45ba1de50",
              "parentUUID": "976185ce-2db4-412d-b386-813b25e36420",
              "isHook": false,
              "skipped": false
            },
            {
              "title": "Get hidden button by text id and try click",
              "fullTitle": "Using Cypress Testing Library Get hidden button by text id and try click",
              "timedOut": null,
              "duration": 0,
              "state": "pending",
              "speed": null,
              "pass": false,
              "fail": false,
              "pending": true,
              "context": null,
              "code": "",
              "err": {},
              "uuid": "2727b831-c191-4c51-9a2b-350a2b22287b",
              "parentUUID": "976185ce-2db4-412d-b386-813b25e36420",
              "isHook": false,
              "skipped": false
            }
          ],
          "suites": [],
          "passes": [
            "ffa9eca3-4361-4015-9e1e-67fd0049840b",
            "fd6b0a49-a9bb-4628-afcd-1ce459dfa3b0",
            "6bfc384c-c9f7-4e66-a564-c5a6ee073ce6"
          ],
          "failures": [],
          "pending": [
            "467b4e65-9627-45c8-b947-45d45ba1de50",
            "2727b831-c191-4c51-9a2b-350a2b22287b"
          ],
          "skipped": [],
          "duration": 4217,
          "root": false,
          "rootEmpty": false,
          "_timeout": 2000
        }
      ],
      "passes": [],
      "failures": [],
      "pending": [],
      "skipped": [],
      "duration": 0,
      "root": true,
      "rootEmpty": true,
      "_timeout": 2000
    }
  ],
  "meta": {
    "mocha": {
      "version": "7.0.1"
    },
    "mochawesome": {
      "options": {
        "quiet": false,
        "reportFilename": "mochawesome",
        "saveHtml": false,
        "saveJson": true,
        "consoleReporter": "spec",
        "useInlineDiffs": false,
        "code": true
      },
      "version": "6.3.1"
    },
    "marge": {
      "options": {
        "overwrite": false,
        "html": false,
        "json": true,
        "charts": true,
        "reportPageTitle": "My Test Suite",
        "embeddedScreenshots": true,
        "inlineAssets": true
      },
      "version": "5.2.0"
    }
  }
}