{
  "stats": {
    "suites": 1,
    "tests": 4,
    "passes": 3,
    "pending": 2,
    "failures": -1,
    "start": "2022-08-02T20:05:07.976Z",
    "end": "2022-08-02T20:05:11.652Z",
    "duration": 3676,
    "testsRegistered": 5,
    "passPercent": 100,
    "pendingPercent": 40,
    "other": 1,
    "hasOther": true,
    "skipped": 0,
    "hasSkipped": false
  },
  "results": [
    {
      "uuid": "80b8cdf1-7b72-454b-a4e5-3795f8a3f7bd",
      "title": "",
      "fullFile": "cypress/e2e/UsingCypressXpath.cy.js",
      "file": "cypress/e2e/UsingCypressXpath.cy.js",
      "beforeHooks": [],
      "afterHooks": [],
      "tests": [],
      "suites": [
        {
          "uuid": "51859754-641e-4005-bc40-fdcb70ab1924",
          "title": "Using Cypress Xpath",
          "fullFile": "",
          "file": "",
          "beforeHooks": [],
          "afterHooks": [],
          "tests": [
            {
              "title": "Get elements using id",
              "fullTitle": "Using Cypress Xpath Get elements using id",
              "timedOut": null,
              "duration": 1562,
              "state": "passed",
              "speed": "fast",
              "pass": true,
              "fail": false,
              "pending": false,
              "context": null,
              "code": "cy.xpath('//*[@id=\"input-city\"]').clear().type('Guiratinga');\ncy.xpath('//*[@id=\"search-time\"]').click();\ncy.xpath('//*[@id=\"best-time\"]').should('be.visible');\ncy.xpath('//*[@id=\"best-hour\"]').should('be.visible').and('contain.text', 'horas');\ncy.xpath('//*[@id=\"best-temperature\"]').should('be.visible').and('contain.text', 'temperatura');",
              "err": {},
              "uuid": "4d082ad6-75c2-4887-99a2-7bccfa57e8a4",
              "parentUUID": "51859754-641e-4005-bc40-fdcb70ab1924",
              "isHook": false,
              "skipped": false
            },
            {
              "title": "Get elements using data-testid attribute",
              "fullTitle": "Using Cypress Xpath Get elements using data-testid attribute",
              "timedOut": null,
              "duration": 1049,
              "state": "passed",
              "speed": "fast",
              "pass": true,
              "fail": false,
              "pending": false,
              "context": null,
              "code": "cy.xpath('//*[@data-testid=\"input-city\"]').clear().type('Guiratinga');\ncy.xpath('//*[@data-testid=\"search-time\"]').click();\ncy.xpath('//*[@data-testid=\"best-time\"]').should('be.visible');\ncy.xpath('//*[@data-testid=\"best-hour\"]').should('be.visible').and('contain.text', 'horas');\ncy.xpath('//*[@data-testid=\"best-temperature\"]').should('be.visible').and('contain.text', 'temperatura');",
              "err": {},
              "uuid": "867a9a3d-bcb4-4325-844e-d195a2087755",
              "parentUUID": "51859754-641e-4005-bc40-fdcb70ab1924",
              "isHook": false,
              "skipped": false
            },
            {
              "title": "Get elements using text",
              "fullTitle": "Using Cypress Xpath Get elements using text",
              "timedOut": null,
              "duration": 973,
              "state": "passed",
              "speed": "fast",
              "pass": true,
              "fail": false,
              "pending": false,
              "context": null,
              "code": "cy.xpath('//input[@value=\"São Paulo\"]').clear().type('Guiratinga');\ncy.xpath('//*[text()[contains(.,\"Buscar melhor horário\")]]').click();\ncy.xpath('//*[text()[contains(.,\"O melhor horário para você tomar seu banho hoje é\")]]').should('be.visible');\ncy.xpath('//*[text()[contains(.,\"horas\")]]').should('be.visible');\ncy.xpath('//*[text()[contains(.,\"temperatura\")]]').should('be.visible');",
              "err": {},
              "uuid": "ba178f6d-dbe7-4124-a012-079829d73e61",
              "parentUUID": "51859754-641e-4005-bc40-fdcb70ab1924",
              "isHook": false,
              "skipped": false
            },
            {
              "title": "Get hidden button by data test id and try click",
              "fullTitle": "Using Cypress Xpath Get hidden button by data test id and try click",
              "timedOut": null,
              "duration": 0,
              "state": "pending",
              "speed": null,
              "pass": false,
              "fail": false,
              "pending": true,
              "context": null,
              "code": "",
              "err": {},
              "uuid": "d26390c8-1fa9-44e2-ae52-1a10d0ac5bb8",
              "parentUUID": "51859754-641e-4005-bc40-fdcb70ab1924",
              "isHook": false,
              "skipped": false
            },
            {
              "title": "Get hidden button by text id and try click",
              "fullTitle": "Using Cypress Xpath Get hidden button by text id and try click",
              "timedOut": null,
              "duration": 0,
              "state": "pending",
              "speed": null,
              "pass": false,
              "fail": false,
              "pending": true,
              "context": null,
              "code": "",
              "err": {},
              "uuid": "1ec67dad-fed1-4ff1-9b5e-c2d76280340c",
              "parentUUID": "51859754-641e-4005-bc40-fdcb70ab1924",
              "isHook": false,
              "skipped": false
            }
          ],
          "suites": [],
          "passes": [
            "4d082ad6-75c2-4887-99a2-7bccfa57e8a4",
            "867a9a3d-bcb4-4325-844e-d195a2087755",
            "ba178f6d-dbe7-4124-a012-079829d73e61"
          ],
          "failures": [],
          "pending": [
            "d26390c8-1fa9-44e2-ae52-1a10d0ac5bb8",
            "1ec67dad-fed1-4ff1-9b5e-c2d76280340c"
          ],
          "skipped": [],
          "duration": 3584,
          "root": false,
          "rootEmpty": false,
          "_timeout": 2000
        }
      ],
      "passes": [],
      "failures": [],
      "pending": [],
      "skipped": [],
      "duration": 0,
      "root": true,
      "rootEmpty": true,
      "_timeout": 2000
    }
  ],
  "meta": {
    "mocha": {
      "version": "7.0.1"
    },
    "mochawesome": {
      "options": {
        "quiet": false,
        "reportFilename": "mochawesome",
        "saveHtml": false,
        "saveJson": true,
        "consoleReporter": "spec",
        "useInlineDiffs": false,
        "code": true
      },
      "version": "6.3.1"
    },
    "marge": {
      "options": {
        "overwrite": false,
        "html": false,
        "json": true,
        "charts": true,
        "reportPageTitle": "My Test Suite",
        "embeddedScreenshots": true,
        "inlineAssets": true
      },
      "version": "5.2.0"
    }
  }
}