{
  "stats": {
    "suites": 1,
    "tests": 4,
    "passes": 3,
    "pending": 2,
    "failures": -1,
    "start": "2022-08-02T19:55:02.459Z",
    "end": "2022-08-02T19:55:06.994Z",
    "duration": 4535,
    "testsRegistered": 5,
    "passPercent": 100,
    "pendingPercent": 40,
    "other": 1,
    "hasOther": true,
    "skipped": 0,
    "hasSkipped": false
  },
  "results": [
    {
      "uuid": "88a44eef-3b34-4b29-8fd9-2448972825dc",
      "title": "",
      "fullFile": "cypress/e2e/JustCypress.cy.js",
      "file": "cypress/e2e/JustCypress.cy.js",
      "beforeHooks": [],
      "afterHooks": [],
      "tests": [],
      "suites": [
        {
          "uuid": "4f88aad8-65b1-47a7-8f18-afbe6b5082f4",
          "title": "Just using Cypress",
          "fullFile": "",
          "file": "",
          "beforeHooks": [],
          "afterHooks": [],
          "tests": [
            {
              "title": "Get elements using id",
              "fullTitle": "Just using Cypress Get elements using id",
              "timedOut": null,
              "duration": 2554,
              "state": "passed",
              "speed": "fast",
              "pass": true,
              "fail": false,
              "pending": false,
              "context": null,
              "code": "cy.get('#input-city').clear().type('Guiratinga');\ncy.get('#search-time').click();\ncy.get('#best-time').should('be.visible');\ncy.get('#best-hour').should('be.visible').and('contain.text', 'horas');\ncy.get('#best-temperature').should('be.visible').and('contain.text', 'temperatura');",
              "err": {},
              "uuid": "140fb0db-b2f1-458b-88e6-6fc4f33fbd4e",
              "parentUUID": "4f88aad8-65b1-47a7-8f18-afbe6b5082f4",
              "isHook": false,
              "skipped": false
            },
            {
              "title": "Get elements using data-testid attribute",
              "fullTitle": "Just using Cypress Get elements using data-testid attribute",
              "timedOut": null,
              "duration": 986,
              "state": "passed",
              "speed": "fast",
              "pass": true,
              "fail": false,
              "pending": false,
              "context": null,
              "code": "cy.getByDataTestId('input-city').clear().type('Guiratinga');\ncy.getByDataTestId('search-time').click();\ncy.getByDataTestId('best-time').should('be.visible');\ncy.getByDataTestId('best-hour').should('be.visible').and('contain.text', 'horas');\ncy.getByDataTestId('best-temperature').should('be.visible').and('contain.text', 'temperatura');",
              "err": {},
              "uuid": "c032c7b5-83ed-4838-a4f0-1d5c7827d2ff",
              "parentUUID": "4f88aad8-65b1-47a7-8f18-afbe6b5082f4",
              "isHook": false,
              "skipped": false
            },
            {
              "title": "Get elements using text",
              "fullTitle": "Just using Cypress Get elements using text",
              "timedOut": null,
              "duration": 945,
              "state": "passed",
              "speed": "fast",
              "pass": true,
              "fail": false,
              "pending": false,
              "context": null,
              "code": "cy.contains('Qual cidade você está?').parent().find('input').clear().type('Guiratinga');\ncy.contains('Buscar melhor horário').click();\ncy.contains('O melhor horário para você tomar seu banho hoje é:').should('be.visible');\ncy.contains('horas').should('be.visible');\ncy.contains('temperatura').should('be.visible');",
              "err": {},
              "uuid": "a4eec1a9-b5a0-47b4-81cb-25f2b24b7732",
              "parentUUID": "4f88aad8-65b1-47a7-8f18-afbe6b5082f4",
              "isHook": false,
              "skipped": false
            },
            {
              "title": "Get hidden button by data test id and try click",
              "fullTitle": "Just using Cypress Get hidden button by data test id and try click",
              "timedOut": null,
              "duration": 0,
              "state": "pending",
              "speed": null,
              "pass": false,
              "fail": false,
              "pending": true,
              "context": null,
              "code": "",
              "err": {},
              "uuid": "be29066a-06f2-4379-b2ff-8bfc6d6c0b9f",
              "parentUUID": "4f88aad8-65b1-47a7-8f18-afbe6b5082f4",
              "isHook": false,
              "skipped": false
            },
            {
              "title": "Get hidden button by text id and try click",
              "fullTitle": "Just using Cypress Get hidden button by text id and try click",
              "timedOut": null,
              "duration": 0,
              "state": "pending",
              "speed": null,
              "pass": false,
              "fail": false,
              "pending": true,
              "context": null,
              "code": "",
              "err": {},
              "uuid": "17494b62-beec-4b41-b5b4-9210db3fa2dc",
              "parentUUID": "4f88aad8-65b1-47a7-8f18-afbe6b5082f4",
              "isHook": false,
              "skipped": false
            }
          ],
          "suites": [],
          "passes": [
            "140fb0db-b2f1-458b-88e6-6fc4f33fbd4e",
            "c032c7b5-83ed-4838-a4f0-1d5c7827d2ff",
            "a4eec1a9-b5a0-47b4-81cb-25f2b24b7732"
          ],
          "failures": [],
          "pending": [
            "be29066a-06f2-4379-b2ff-8bfc6d6c0b9f",
            "17494b62-beec-4b41-b5b4-9210db3fa2dc"
          ],
          "skipped": [],
          "duration": 4485,
          "root": false,
          "rootEmpty": false,
          "_timeout": 2000
        }
      ],
      "passes": [],
      "failures": [],
      "pending": [],
      "skipped": [],
      "duration": 0,
      "root": true,
      "rootEmpty": true,
      "_timeout": 2000
    }
  ],
  "meta": {
    "mocha": {
      "version": "7.0.1"
    },
    "mochawesome": {
      "options": {
        "quiet": false,
        "reportFilename": "mochawesome",
        "saveHtml": false,
        "saveJson": true,
        "consoleReporter": "spec",
        "useInlineDiffs": false,
        "code": true
      },
      "version": "6.3.1"
    },
    "marge": {
      "options": {
        "overwrite": false,
        "html": false,
        "json": true,
        "charts": true,
        "reportPageTitle": "My Test Suite",
        "embeddedScreenshots": true,
        "inlineAssets": true
      },
      "version": "5.2.0"
    }
  }
}