{
  "stats": {
    "suites": 1,
    "tests": 4,
    "passes": 3,
    "pending": 2,
    "failures": -1,
    "start": "2022-08-02T20:04:08.994Z",
    "end": "2022-08-02T20:04:12.453Z",
    "duration": 3459,
    "testsRegistered": 5,
    "passPercent": 100,
    "pendingPercent": 40,
    "other": 1,
    "hasOther": true,
    "skipped": 0,
    "hasSkipped": false
  },
  "results": [
    {
      "uuid": "0d6f7343-2906-4714-90af-85065941841b",
      "title": "",
      "fullFile": "cypress/e2e/UsingCypressXpath.cy.js",
      "file": "cypress/e2e/UsingCypressXpath.cy.js",
      "beforeHooks": [],
      "afterHooks": [],
      "tests": [],
      "suites": [
        {
          "uuid": "bb92ee39-fcd5-49b2-aaed-80ddc9358e76",
          "title": "Using Cypress Xpath",
          "fullFile": "",
          "file": "",
          "beforeHooks": [],
          "afterHooks": [],
          "tests": [
            {
              "title": "Get elements using id",
              "fullTitle": "Using Cypress Xpath Get elements using id",
              "timedOut": null,
              "duration": 1457,
              "state": "passed",
              "speed": "fast",
              "pass": true,
              "fail": false,
              "pending": false,
              "context": null,
              "code": "cy.xpath('//*[@id=\"input-city\"]').clear().type('Guiratinga');\ncy.xpath('//*[@id=\"search-time\"]').click();\ncy.xpath('//*[@id=\"best-time\"]').should('be.visible');\ncy.xpath('//*[@id=\"best-hour\"]').should('be.visible').and('contain.text', 'horas');\ncy.xpath('//*[@id=\"best-temperature\"]').should('be.visible').and('contain.text', 'temperatura');",
              "err": {},
              "uuid": "a3c9f4ac-e3d9-4646-a13f-b796f14720eb",
              "parentUUID": "bb92ee39-fcd5-49b2-aaed-80ddc9358e76",
              "isHook": false,
              "skipped": false
            },
            {
              "title": "Get elements using data-testid attribute",
              "fullTitle": "Using Cypress Xpath Get elements using data-testid attribute",
              "timedOut": null,
              "duration": 982,
              "state": "passed",
              "speed": "fast",
              "pass": true,
              "fail": false,
              "pending": false,
              "context": null,
              "code": "cy.xpath('//*[@data-testid=\"input-city\"]').clear().type('Guiratinga');\ncy.xpath('//*[@data-testid=\"search-time\"]').click();\ncy.xpath('//*[@data-testid=\"best-time\"]').should('be.visible');\ncy.xpath('//*[@data-testid=\"best-hour\"]').should('be.visible').and('contain.text', 'horas');\ncy.xpath('//*[@data-testid=\"best-temperature\"]').should('be.visible').and('contain.text', 'temperatura');",
              "err": {},
              "uuid": "76a851da-aa11-4d09-bd9a-b976eed9a8fa",
              "parentUUID": "bb92ee39-fcd5-49b2-aaed-80ddc9358e76",
              "isHook": false,
              "skipped": false
            },
            {
              "title": "Get elements using text",
              "fullTitle": "Using Cypress Xpath Get elements using text",
              "timedOut": null,
              "duration": 933,
              "state": "passed",
              "speed": "fast",
              "pass": true,
              "fail": false,
              "pending": false,
              "context": null,
              "code": "cy.xpath('//input[@value=\"São Paulo\"]').clear().type('Guiratinga');\ncy.xpath('//*[text()[contains(.,\"Buscar melhor horário\")]]').click();\ncy.xpath('//*[text()[contains(.,\"O melhor horário para você tomar seu banho hoje é\")]]').should('be.visible');\ncy.xpath('//*[text()[contains(.,\"horas\")]]').should('be.visible');\ncy.xpath('//*[text()[contains(.,\"temperatura\")]]').should('be.visible');",
              "err": {},
              "uuid": "5dad1302-1562-4dc9-8aa0-1327629ca65f",
              "parentUUID": "bb92ee39-fcd5-49b2-aaed-80ddc9358e76",
              "isHook": false,
              "skipped": false
            },
            {
              "title": "Get hidden button by data test id and try click",
              "fullTitle": "Using Cypress Xpath Get hidden button by data test id and try click",
              "timedOut": null,
              "duration": 0,
              "state": "pending",
              "speed": null,
              "pass": false,
              "fail": false,
              "pending": true,
              "context": null,
              "code": "",
              "err": {},
              "uuid": "483bc413-78b0-42b0-bade-f5de524f0664",
              "parentUUID": "bb92ee39-fcd5-49b2-aaed-80ddc9358e76",
              "isHook": false,
              "skipped": false
            },
            {
              "title": "Get hidden button by text id and try click",
              "fullTitle": "Using Cypress Xpath Get hidden button by text id and try click",
              "timedOut": null,
              "duration": 0,
              "state": "pending",
              "speed": null,
              "pass": false,
              "fail": false,
              "pending": true,
              "context": null,
              "code": "",
              "err": {},
              "uuid": "399c4ab6-fa60-44fd-9bf6-9156027a08b4",
              "parentUUID": "bb92ee39-fcd5-49b2-aaed-80ddc9358e76",
              "isHook": false,
              "skipped": false
            }
          ],
          "suites": [],
          "passes": [
            "a3c9f4ac-e3d9-4646-a13f-b796f14720eb",
            "76a851da-aa11-4d09-bd9a-b976eed9a8fa",
            "5dad1302-1562-4dc9-8aa0-1327629ca65f"
          ],
          "failures": [],
          "pending": [
            "483bc413-78b0-42b0-bade-f5de524f0664",
            "399c4ab6-fa60-44fd-9bf6-9156027a08b4"
          ],
          "skipped": [],
          "duration": 3372,
          "root": false,
          "rootEmpty": false,
          "_timeout": 2000
        }
      ],
      "passes": [],
      "failures": [],
      "pending": [],
      "skipped": [],
      "duration": 0,
      "root": true,
      "rootEmpty": true,
      "_timeout": 2000
    }
  ],
  "meta": {
    "mocha": {
      "version": "7.0.1"
    },
    "mochawesome": {
      "options": {
        "quiet": false,
        "reportFilename": "mochawesome",
        "saveHtml": false,
        "saveJson": true,
        "consoleReporter": "spec",
        "useInlineDiffs": false,
        "code": true
      },
      "version": "6.3.1"
    },
    "marge": {
      "options": {
        "overwrite": false,
        "html": false,
        "json": true,
        "charts": true,
        "reportPageTitle": "My Test Suite",
        "embeddedScreenshots": true,
        "inlineAssets": true
      },
      "version": "5.2.0"
    }
  }
}