{
  "stats": {
    "suites": 1,
    "tests": 4,
    "passes": 3,
    "pending": 2,
    "failures": -1,
    "start": "2022-08-02T20:10:18.580Z",
    "end": "2022-08-02T20:10:22.136Z",
    "duration": 3556,
    "testsRegistered": 5,
    "passPercent": 100,
    "pendingPercent": 40,
    "other": 1,
    "hasOther": true,
    "skipped": 0,
    "hasSkipped": false
  },
  "results": [
    {
      "uuid": "0414ee94-c4f1-41b3-beef-27b90d0a81db",
      "title": "",
      "fullFile": "cypress/e2e/UsingCypresTestingLibrary.cy.js",
      "file": "cypress/e2e/UsingCypresTestingLibrary.cy.js",
      "beforeHooks": [],
      "afterHooks": [],
      "tests": [],
      "suites": [
        {
          "uuid": "4abc76f0-091f-47ff-9acb-a42dad0574b9",
          "title": "Using Cypress Testing Library",
          "fullFile": "",
          "file": "",
          "beforeHooks": [],
          "afterHooks": [],
          "tests": [
            {
              "title": "Get elements using role",
              "fullTitle": "Using Cypress Testing Library Get elements using role",
              "timedOut": null,
              "duration": 1591,
              "state": "passed",
              "speed": "fast",
              "pass": true,
              "fail": false,
              "pending": false,
              "context": null,
              "code": "cy.findByRole('textbox').clear().type('Guiratinga');\ncy.findByRole('button').click();\ncy.findByRole('layout', {\n  id: \"best-time\"\n}).should('be.visible');\ncy.findByRole('text', {\n  id: \"best-hour\"\n}).should('be.visible').and('contain.text', 'horas');\ncy.findByRole('paragraph', {\n  id: \"best-temperature\"\n}).should('be.visible').and('contain.text', 'temperatura');",
              "err": {},
              "uuid": "083b2a8e-ff32-4e29-b880-03339d438323",
              "parentUUID": "4abc76f0-091f-47ff-9acb-a42dad0574b9",
              "isHook": false,
              "skipped": false
            },
            {
              "title": "Get elements using data-testid attribute",
              "fullTitle": "Using Cypress Testing Library Get elements using data-testid attribute",
              "timedOut": null,
              "duration": 1029,
              "state": "passed",
              "speed": "fast",
              "pass": true,
              "fail": false,
              "pending": false,
              "context": null,
              "code": "cy.findByTestId('input-city').clear().type('Guiratinga');\ncy.findByTestId('search-time').click();\ncy.findByTestId('best-time').should('be.visible');\ncy.findByTestId('best-hour').should('be.visible').and('contain.text', 'horas');\ncy.findByTestId('best-temperature').should('be.visible').and('contain.text', 'temperatura');",
              "err": {},
              "uuid": "899d6f5f-9cdc-498e-b9ad-f3bc77d6c083",
              "parentUUID": "4abc76f0-091f-47ff-9acb-a42dad0574b9",
              "isHook": false,
              "skipped": false
            },
            {
              "title": "Get elements using text",
              "fullTitle": "Using Cypress Testing Library Get elements using text",
              "timedOut": null,
              "duration": 881,
              "state": "passed",
              "speed": "fast",
              "pass": true,
              "fail": false,
              "pending": false,
              "context": null,
              "code": "cy.findByDisplayValue('São Paulo').clear().type('Guiratinga');\ncy.findByText('Buscar melhor horário').click();\ncy.findByText('O melhor horário para você tomar seu banho hoje é:').should('be.visible');\ncy.findByText(/horas/i).should('be.visible');\ncy.findByText(/temperatura/i).should('be.visible');",
              "err": {},
              "uuid": "4a3db973-2301-4195-8cf5-535901bfd4af",
              "parentUUID": "4abc76f0-091f-47ff-9acb-a42dad0574b9",
              "isHook": false,
              "skipped": false
            },
            {
              "title": "Get hidden button by data test id and try click",
              "fullTitle": "Using Cypress Testing Library Get hidden button by data test id and try click",
              "timedOut": null,
              "duration": 0,
              "state": "pending",
              "speed": null,
              "pass": false,
              "fail": false,
              "pending": true,
              "context": null,
              "code": "",
              "err": {},
              "uuid": "8b9afba0-0a46-4f86-8607-699a70ddab9a",
              "parentUUID": "4abc76f0-091f-47ff-9acb-a42dad0574b9",
              "isHook": false,
              "skipped": false
            },
            {
              "title": "Get hidden button by text id and try click",
              "fullTitle": "Using Cypress Testing Library Get hidden button by text id and try click",
              "timedOut": null,
              "duration": 0,
              "state": "pending",
              "speed": null,
              "pass": false,
              "fail": false,
              "pending": true,
              "context": null,
              "code": "",
              "err": {},
              "uuid": "54bb53a8-3bf1-48b4-ad5f-a96e61ef4a5b",
              "parentUUID": "4abc76f0-091f-47ff-9acb-a42dad0574b9",
              "isHook": false,
              "skipped": false
            }
          ],
          "suites": [],
          "passes": [
            "083b2a8e-ff32-4e29-b880-03339d438323",
            "899d6f5f-9cdc-498e-b9ad-f3bc77d6c083",
            "4a3db973-2301-4195-8cf5-535901bfd4af"
          ],
          "failures": [],
          "pending": [
            "8b9afba0-0a46-4f86-8607-699a70ddab9a",
            "54bb53a8-3bf1-48b4-ad5f-a96e61ef4a5b"
          ],
          "skipped": [],
          "duration": 3501,
          "root": false,
          "rootEmpty": false,
          "_timeout": 2000
        }
      ],
      "passes": [],
      "failures": [],
      "pending": [],
      "skipped": [],
      "duration": 0,
      "root": true,
      "rootEmpty": true,
      "_timeout": 2000
    }
  ],
  "meta": {
    "mocha": {
      "version": "7.0.1"
    },
    "mochawesome": {
      "options": {
        "quiet": false,
        "reportFilename": "mochawesome",
        "saveHtml": false,
        "saveJson": true,
        "consoleReporter": "spec",
        "useInlineDiffs": false,
        "code": true
      },
      "version": "6.3.1"
    },
    "marge": {
      "options": {
        "overwrite": false,
        "html": false,
        "json": true,
        "charts": true,
        "reportPageTitle": "My Test Suite",
        "embeddedScreenshots": true,
        "inlineAssets": true
      },
      "version": "5.2.0"
    }
  }
}